<?xml version="1.0" encoding="UTF-8"?>
<!-- Generated by org.testng.reporters.JUnitReportReporter -->
<testsuite hostname="VKBHEDIATL054" failures="0" tests="1" name="vkb.testng.setup.FirstTestNG" time="0.007" errors="0" timestamp="2024-07-18T13:17:58 SAST" skipped="0">
  <testcase classname="vkb.testng.setup.FirstTestNG" name="printTest" time="0.007"/>
  <system-out/>
</testsuite> <!-- vkb.testng.setup.FirstTestNG -->
