<?xml version="1.0" encoding="UTF-8"?>
<!-- Generated by org.testng.reporters.JUnitReportReporter -->
<testsuite hostname="VKBHEDIATL054" failures="0" tests="1" name="vkb.testng.setup.AssertTest" time="10.065" errors="0" timestamp="2024-07-18T13:17:58 SAST" skipped="0">
  <testcase classname="vkb.testng.setup.AssertTest" name="AssertTitle" time="10.065"/>
  <system-out/>
</testsuite> <!-- vkb.testng.setup.AssertTest -->
