<?xml version="1.0" encoding="UTF-8"?>
<!-- Generated by org.testng.reporters.JUnitReportReporter -->
<testsuite hostname="VKBHEDIATL054" failures="0" tests="4" name="vkb.testng.setup.GroupTests" time="14.597" errors="0" timestamp="2024-07-18T13:17:58 SAST" skipped="0">
  <testcase classname="vkb.testng.setup.GroupTests" name="NavigateFireFox" time="1.086"/>
  <system-out/>
  <testcase classname="vkb.testng.setup.GroupTests" name="SetupFireFox" time="6.919"/>
  <system-out/>
  <testcase classname="vkb.testng.setup.GroupTests" name="NavigateChrome" time="1.263"/>
  <system-out/>
  <testcase classname="vkb.testng.setup.GroupTests" name="SetupChrome" time="5.329"/>
  <system-out/>
</testsuite> <!-- vkb.testng.setup.GroupTests -->
