<?xml version="1.0" encoding="UTF-8"?>
<!-- Generated by org.testng.reporters.JUnitReportReporter -->
<testsuite hostname="VKBHEDIATL054" failures="0" tests="4" name="vkb.testng.setup.GroupTests" time="14.746" errors="0" timestamp="2024-07-19T10:32:16 SAST" skipped="0">
  <testcase classname="vkb.testng.setup.GroupTests" name="NavigateChrome" time="1.408"/>
  <system-out/>
  <testcase classname="vkb.testng.setup.GroupTests" name="SetupFireFox" time="7.179"/>
  <system-out/>
  <testcase classname="vkb.testng.setup.GroupTests" name="SetupChrome" time="4.848"/>
  <system-out/>
  <testcase classname="vkb.testng.setup.GroupTests" name="NavigateFireFox" time="1.311"/>
  <system-out/>
</testsuite> <!-- vkb.testng.setup.GroupTests -->
